<?xml version="1.0" encoding="UTF-8"?>
<testng-results total="1" passed="1" failed="0" skipped="0">
  <reporter-output>
  </reporter-output>
  <suite started-at="2021-05-22T15:48:18Z" name="Suite" finished-at="2021-05-22T15:49:49Z" duration-ms="91128">
    <groups>
      <group name="cucumber">
        <method signature="AbstractTestNGCucumberTests.feature(cucumber.api.testng.CucumberFeatureWrapper)[pri:0, instance:runnerCucumber.runnerClass@2f8dad04]" name="feature" class="cucumber.api.testng.AbstractTestNGCucumberTests"/>
      </group> <!-- cucumber -->
    </groups>
    <test started-at="2021-05-22T15:48:18Z" name="Test" finished-at="2021-05-22T15:49:49Z" duration-ms="91128">
      <class name="runnerCucumber.runnerClass">
        <test-method is-config="true" signature="setUpClass()[pri:0, instance:runnerCucumber.runnerClass@2f8dad04]" started-at="2021-05-22T21:18:18Z" name="setUpClass" finished-at="2021-05-22T21:18:19Z" duration-ms="392" status="PASS">
          <reporter-output>
          </reporter-output>
        </test-method> <!-- setUpClass -->
        <test-method is-config="true" signature="setup()[pri:0, instance:runnerCucumber.runnerClass@2f8dad04]" started-at="2021-05-22T21:18:19Z" name="setup" finished-at="2021-05-22T21:18:19Z" duration-ms="269" status="PASS">
          <reporter-output>
          </reporter-output>
        </test-method> <!-- setup -->
        <test-method signature="feature(cucumber.api.testng.CucumberFeatureWrapper)[pri:0, instance:runnerCucumber.runnerClass@2f8dad04]" started-at="2021-05-22T21:18:19Z" name="feature" description="Runs Cucumber Feature" data-provider="features" finished-at="2021-05-22T21:19:49Z" duration-ms="90126" status="PASS">
          <params>
            <param index="0">
              <value>
                <![CDATA[Accesptance testing to validate search car feature is working]]>
              </value>
            </param>
          </params>
          <reporter-output>
          </reporter-output>
        </test-method> <!-- feature -->
        <test-method is-config="true" signature="tearDownClass()[pri:0, instance:runnerCucumber.runnerClass@2f8dad04]" started-at="2021-05-22T21:19:49Z" name="tearDownClass" finished-at="2021-05-22T21:19:49Z" duration-ms="210" status="PASS">
          <reporter-output>
          </reporter-output>
        </test-method> <!-- tearDownClass -->
      </class> <!-- runnerCucumber.runnerClass -->
    </test> <!-- Test -->
  </suite> <!-- Suite -->
</testng-results>
