<?xml version="1.0" encoding="UTF-8"?>
<testng-results total="2" passed="2" failed="0" skipped="0">
  <reporter-output>
  </reporter-output>
  <suite started-at="2021-05-26T11:01:51Z" name="Default suite" finished-at="2021-05-26T11:04:18Z" duration-ms="147566">
    <groups>
      <group name="cucumber">
        <method signature="AbstractTestNGCucumberTests.feature(cucumber.api.testng.CucumberFeatureWrapper)[pri:0, instance:runnerCucumber.runnerClass@2a265ea9]" name="feature" class="cucumber.api.testng.AbstractTestNGCucumberTests"/>
      </group> <!-- cucumber -->
    </groups>
    <test started-at="2021-05-26T11:01:51Z" name="Default test" finished-at="2021-05-26T11:04:18Z" duration-ms="147566">
      <class name="runnerCucumber.runnerClass">
        <test-method is-config="true" signature="setUpClass()[pri:0, instance:runnerCucumber.runnerClass@2a265ea9]" started-at="2021-05-26T16:31:51Z" name="setUpClass" finished-at="2021-05-26T16:31:51Z" duration-ms="365" status="PASS">
          <reporter-output>
          </reporter-output>
        </test-method> <!-- setUpClass -->
        <test-method is-config="true" signature="setup()[pri:0, instance:runnerCucumber.runnerClass@2a265ea9]" started-at="2021-05-26T16:31:51Z" name="setup" finished-at="2021-05-26T16:31:52Z" duration-ms="263" status="PASS">
          <reporter-output>
          </reporter-output>
        </test-method> <!-- setup -->
        <test-method signature="feature(cucumber.api.testng.CucumberFeatureWrapper)[pri:0, instance:runnerCucumber.runnerClass@2a265ea9]" started-at="2021-05-26T16:31:52Z" name="feature" description="Runs Cucumber Feature" data-provider="features" finished-at="2021-05-26T16:33:16Z" duration-ms="83964" status="PASS">
          <params>
            <param index="0">
              <value>
                <![CDATA[Accesptance testing to validate search car feature is working]]>
              </value>
            </param>
          </params>
          <reporter-output>
          </reporter-output>
        </test-method> <!-- feature -->
        <test-method signature="feature(cucumber.api.testng.CucumberFeatureWrapper)[pri:0, instance:runnerCucumber.runnerClass@2a265ea9]" started-at="2021-05-26T16:33:16Z" name="feature" description="Runs Cucumber Feature" data-provider="features" finished-at="2021-05-26T16:34:18Z" duration-ms="62699" status="PASS">
          <params>
            <param index="0">
              <value>
                <![CDATA[Accesptance testing to validate search car feature is working]]>
              </value>
            </param>
          </params>
          <reporter-output>
          </reporter-output>
        </test-method> <!-- feature -->
        <test-method is-config="true" signature="tearDownClass()[pri:0, instance:runnerCucumber.runnerClass@2a265ea9]" started-at="2021-05-26T16:34:18Z" name="tearDownClass" finished-at="2021-05-26T16:34:18Z" duration-ms="123" status="PASS">
          <reporter-output>
          </reporter-output>
        </test-method> <!-- tearDownClass -->
      </class> <!-- runnerCucumber.runnerClass -->
    </test> <!-- Default test -->
  </suite> <!-- Default suite -->
</testng-results>
